version: (200506)

available memory: 64M bytes
used memory: 106496 bytes [need 104K bytes if disable swap]

used block: 6 [memory(6) file(0)]
                 [ 8K(5) 64K(1) { total 104K bytes } ]
overhead: (9514) bytes for (6) blocks [Average: (1585) bytes/block]

write  => 0(times) 0K(bytes) [0K bytes to file]
read   => 1(times) 25K(bytes) [5K bytes compressed data from file]
access => 28751(times) 237M(bytes)
          [hit ratio: 99.9965%]

time: write(0) read(0)  unit: second

swap file directory: (/home/pedu17/temp/workspace/260604_sram/verdiLog)
used swap file number: (1)



swap file manager:
arrSize: (256)
idxCnt: (3)
closeHead: (1)
closeTail: (2)
openCnt: (2)
fid(2): fd(22) fileName(/home/pedu17/temp/workspace/260604_sram/verdiLog/_swap_0001#478980509#3569064)
	size(0) lastModTime(0) curModTime(1780556679)
	mode(w+b)	hot(0) cool(1) pos(0)
fid(1): fd(1073741824) fileName(/home/pedu17/temp/workspace/260604_sram/simv.daidir/kdb.elab++/work.lib++/tb_sram.sv.tdc)
	size(0) lastModTime(1780556666) curModTime(0)
	mode(rb)	hot(2) cool(0) pos(0)
fid(0): fd(0) fileName(NULL)
	mode(NULL)	hot(0) cool(0) pos(0)
==================================================
mySelf(0x1f6ebbd0) pre(0x20be8540) next((nil))
version(200506)
date(Mar  1 2025 20:26:47)
)
0:26:47)

